<?xml version="1.0" encoding="utf-8"?><html><style type="text/css">.t0{color:#ff0000;}.t1{color:#006400;}.t2{color:#808080;}.i0{display:inline-block;vertical-align:text-bottom;margin-right:2px;background:url('data:image/png;base64,iVBORw0KGgoAAAANSUhEUgAAABAAAAAQCAYAAAAf8/9hAAAAAXNSR0IArs4c6QAAAARnQU1BAACxjwv8YQUAAAAJcEhZcwAADsMAAA7DAcdvqGQAAAGqSURBVDhPrVPPSwJBFJ51Z91VK4XUvHlQpG4dBD0EXor+Bg9BBEWHbt07dCvo4H8QdAiiU6dOGXTREPKSUawQtJegNolCy92m962bJIgK9cHOvHnz3pv341v2V0ju3kUul+OGYSxLkpQRQqRp57RX6aqsqup+rVZ761h20BMglUpN27Z9mLGbs3PtdzZjt5gsBLvjGrvkfnamjN2TWV7X9VLH41cAOPutdmXj4zmw+PnqantRUgJsV4tYpiQv1Ov1c+g8WJA2Xh7kDGQpq63mIyfxIB6Ph6CTsXDOVyjttfXWE44DEfuymOnhE7rXb5mmWXQyQMNQ86iALTU26x4ZSyQSV8WYKh4i0A8GbG6iHpFMJl/g62RA0FQmXHE4UDfFQi+6ASo1WXMEIyoN/IBbWUXZ4EY3QBlzHhWurcMFJwAYBpJgzsOg0+tH3lCDxALOTgCXnvk9NWxVuQ+qvoDztm+K2ZK0Smw0oHN4ANBMDXUyfHGqjM9jzrgIChvG7JqofOINsh1ftNHw8CVyPu549fmZwDBFUTapy1lqVBrddhuGmgs/L/8TGPsGqyfFmWv0DOkAAAAASUVORK5CYII=') no-repeat;width:16px;height:16px;background-size: 16px 16px;}.i1{display:inline-block;vertical-align:text-bottom;margin-right:2px;background:url('data:image/png;base64,iVBORw0KGgoAAAANSUhEUgAAABAAAAAQCAYAAAAf8/9hAAAAAXNSR0IArs4c6QAAAARnQU1BAACxjwv8YQUAAAAJcEhZcwAADsMAAA7DAcdvqGQAAAE9SURBVDhPY6AUMEJpgkBZWfk8IyOjAZQLBnfu3GFkgrLxAqDmAGZxZgO+Uj4GEOaJ5wEJvwARRBkABPXsVuxQJgPDz2M/QVQniCBoAMx2VlVWMP/fq38Mv2//fvH79+8ZID4xLsBq+8OHD3+AGHgNIGQ7CIBjQUVF5T+YhwB3pKWlNZ88eXKaK5ALbsD3Dd9BBhQCQ38CWAAIYC64wx3BDQ5hEGaRZVEBal5OyHYQABsAjN/Wn0fBfgMDdmt2kFgIPr/DANgAKSmpJX8e/7nz9/FfsCCzLDMDmzEbAyHbQYAZRABN/ScsLPz538d/Aaw6EE0siixgGgR+7P7B8O/dv9r79+8fgQrBATwW0F0BA/hsBwG4AQcPHvyDHhYggMvvMICSmezt7VmePn16HchUgYiAAch2RVwGUAgYGAAwXKTZMwKWhgAAAABJRU5ErkJggg==') no-repeat;width:16px;height:16px;background-size: 16px 16px;}</style><body /><div><div style="margin-left: 0px"><i class="i0"></i><span class="richText"><span>Capstone Unit Tests</span></span> <span class="richText"><span>(33 tests)</span></span> <span class="richText"><span class="t0">Failed: 14 tests failed</span></span></div><div style="margin-left: 20px"><i class="i0"></i><span class="richText"><span>Capstone_Unit_Tests</span></span> <span class="richText"><span>(33 tests)</span></span> <span class="richText"><span class="t0">Failed: 14 tests failed</span></span></div><div style="margin-left: 40px"><i class="i1"></i><span class="richText"><span>desktop.controller</span></span> <span class="richText"><span>(15 tests)</span></span> <span class="richText"><span class="t1">Success</span></span></div><div style="margin-left: 60px"><i class="i1"></i><span class="richText"><span>AddEmployeeFormControllerTests</span></span> <span class="richText"><span>(15 tests)</span></span> <span class="richText"><span class="t1">Success</span></span></div><div style="margin-left: 80px"><i class="i1"></i><span class="richText"><span>TestPasswordValidityEmptyPassword</span></span> <span class="richText"><span class="t1">Success</span></span></div><div style="margin-left: 80px"><i class="i1"></i><span class="richText"><span>TestPasswordValidityNoCapitalsPassword</span></span> <span class="richText"><span class="t1">Success</span></span></div><div style="margin-left: 80px"><i class="i1"></i><span class="richText"><span>TestPasswordValidityNoLowerCasePassword</span></span> <span class="richText"><span class="t1">Success</span></span></div><div style="margin-left: 80px"><i class="i1"></i><span class="richText"><span>TestPasswordValidityNoNumbersPassword</span></span> <span class="richText"><span class="t1">Success</span></span></div><div style="margin-left: 80px"><i class="i1"></i><span class="richText"><span>TestPasswordValidityNoSymbolsPassword</span></span> <span class="richText"><span class="t1">Success</span></span></div><div style="margin-left: 80px"><i class="i1"></i><span class="richText"><span>TestPasswordValidityNullPassword</span></span> <span class="richText"><span class="t1">Success</span></span></div><div style="margin-left: 80px"><i class="i1"></i><span class="richText"><span>TestPasswordValidityPasswordLengthLowerBoundary</span></span> <span class="richText"><span class="t1">Success</span></span></div><div style="margin-left: 80px"><i class="i1"></i><span class="richText"><span>TestPasswordValidityPasswordLengthUpperBoundary</span></span> <span class="richText"><span class="t1">Success</span></span></div><div style="margin-left: 80px"><i class="i1"></i><span class="richText"><span>TestPasswordValidityPasswordWithMultipleOfEach</span></span> <span class="richText"><span class="t1">Success</span></span></div><div style="margin-left: 80px"><i class="i1"></i><span class="richText"><span>TestPasswordValidityPasswordWithSpace</span></span> <span class="richText"><span class="t1">Success</span></span></div><div style="margin-left: 80px"><i class="i1"></i><span class="richText"><span>TestPasswordValiditySunnyDay</span></span> <span class="richText"><span class="t1">Success</span></span></div><div style="margin-left: 80px"><i class="i1"></i><span class="richText"><span>TestPasswordValidityTooLongPasswordBeyondBoundary</span></span> <span class="richText"><span class="t1">Success</span></span></div><div style="margin-left: 80px"><i class="i1"></i><span class="richText"><span>TestPasswordValidityTooLongPasswordBoundary</span></span> <span class="richText"><span class="t1">Success</span></span></div><div style="margin-left: 80px"><i class="i1"></i><span class="richText"><span>TestPasswordValidityTooShortPasswordBeyondBoundary</span></span> <span class="richText"><span class="t1">Success</span></span></div><div style="margin-left: 80px"><i class="i1"></i><span class="richText"><span>TestPasswordValidityTooShortPasswordBoundary</span></span> <span class="richText"><span class="t1">Success</span></span></div><div style="margin-left: 40px"><i class="i0"></i><span class="richText"><span>web_members</span></span> <span class="richText"><span>(18 tests)</span></span> <span class="richText"><span class="t0">Failed: 14 tests failed</span></span></div><div style="margin-left: 60px"><i class="i0"></i><span class="richText"><span>HomeControllerTest</span></span> <span class="richText"><span>(7 tests)</span></span> <span class="richText"><span class="t0">Failed: 4 tests failed</span></span></div><div style="margin-left: 80px"><i class="i1"></i><span class="richText"><span>About_IsNotNull</span></span> <span class="richText"><span class="t1">Success</span></span></div><div style="margin-left: 80px"><i class="i1"></i><span class="richText"><span>Contact_IsNotNull</span></span> <span class="richText"><span class="t1">Success</span></span></div><div style="margin-left: 80px"><i class="i1"></i><span class="richText"><span>Index_IsNotNull</span></span> <span class="richText"><span class="t1">Success</span></span></div><div style="margin-left: 80px"><i class="i0"></i><span class="richText"><span>MediaLibrary_IsNotNull</span></span> <span class="richText"><span class="t0">Failed: Test method Capstone_Unit_Tests.web_members.HomeControllerTest.MediaLibrary_IsNotNull threw exception: </span></span><br /><span class="richText"><span class="t2">Test method Capstone_Unit_Tests.web_members.HomeControllerTest.MediaLibrary_IsNotNull threw exception: 
System.NullReferenceException: Object reference not set to an instance of an object.
    at Capstone_Web_Members.Controllers.HomeController.MediaLibrary(String nameSearch, String typeSearch) in C:\Users\danny\Source\Repos\CapstoneProject\code\website\Capstone Web Members\Controllers\HomeController.cs:line 99
   at Capstone_Unit_Tests.web_members.HomeControllerTest.MediaLibrary_IsNotNull() in C:\Users\danny\Source\Repos\CapstoneProject\code\tests\Capstone Unit Tests\web members\HomeControllerTest.cs:line 143


</span></span></div><div style="margin-left: 80px"><i class="i0"></i><span class="richText"><span>MediaLibrary_ModelIsNotNull</span></span> <span class="richText"><span class="t0">Failed: Test method Capstone_Unit_Tests.web_members.HomeControllerTest.MediaLibrary_ModelIsNotNull threw exception: </span></span><br /><span class="richText"><span class="t2">Test method Capstone_Unit_Tests.web_members.HomeControllerTest.MediaLibrary_ModelIsNotNull threw exception: 
System.NullReferenceException: Object reference not set to an instance of an object.
    at Capstone_Web_Members.Controllers.HomeController.MediaLibrary(String nameSearch, String typeSearch) in C:\Users\danny\Source\Repos\CapstoneProject\code\website\Capstone Web Members\Controllers\HomeController.cs:line 99
   at Capstone_Unit_Tests.web_members.HomeControllerTest.MediaLibrary_ModelIsNotNull() in C:\Users\danny\Source\Repos\CapstoneProject\code\tests\Capstone Unit Tests\web members\HomeControllerTest.cs:line 159


</span></span></div><div style="margin-left: 80px"><i class="i0"></i><span class="richText"><span>OrderProduct_Action_IsNotNull</span></span> <span class="richText"><span class="t0">Failed: Test method Capstone_Unit_Tests.web_members.HomeControllerTest.OrderProduct_Action_IsNotNull threw exception: </span></span><br /><span class="richText"><span class="t2">Test method Capstone_Unit_Tests.web_members.HomeControllerTest.OrderProduct_Action_IsNotNull threw exception: 
System.NullReferenceException: Object reference not set to an instance of an object.
    at Capstone_Web_Members.Controllers.HomeController.OrderProduct(Int32 productId) in C:\Users\danny\Source\Repos\CapstoneProject\code\website\Capstone Web Members\Controllers\HomeController.cs:line 147
   at Capstone_Unit_Tests.web_members.HomeControllerTest.OrderProduct_Action_IsNotNull() in C:\Users\danny\Source\Repos\CapstoneProject\code\tests\Capstone Unit Tests\web members\HomeControllerTest.cs:line 177


</span></span></div><div style="margin-left: 80px"><i class="i0"></i><span class="richText"><span>ReturnProduct_Action_IsNotNull</span></span> <span class="richText"><span class="t0">Failed: Test method Capstone_Unit_Tests.web_members.HomeControllerTest.ReturnProduct_Action_IsNotNull threw exception: </span></span><br /><span class="richText"><span class="t2">Test method Capstone_Unit_Tests.web_members.HomeControllerTest.ReturnProduct_Action_IsNotNull threw exception: 
System.NullReferenceException: Object reference not set to an instance of an object.
    at Capstone_Web_Members.Controllers.HomeController.OrderProduct(Int32 productId) in C:\Users\danny\Source\Repos\CapstoneProject\code\website\Capstone Web Members\Controllers\HomeController.cs:line 147
   at Capstone_Unit_Tests.web_members.HomeControllerTest.ReturnProduct_Action_IsNotNull() in C:\Users\danny\Source\Repos\CapstoneProject\code\tests\Capstone Unit Tests\web members\HomeControllerTest.cs:line 190


</span></span></div><div style="margin-left: 60px"><i class="i0"></i><span class="richText"><span>MembersControllerTest</span></span> <span class="richText"><span>(11 tests)</span></span> <span class="richText"><span class="t0">Failed: 10 tests failed</span></span></div><div style="margin-left: 80px"><i class="i1"></i><span class="richText"><span>Create_IsNotNull</span></span> <span class="richText"><span class="t1">Success</span></span></div><div style="margin-left: 80px"><i class="i0"></i><span class="richText"><span>CreatingInvalidEmployeeReturnsToCreate</span></span> <span class="richText"><span class="t0">Failed: Assert.IsNotNull failed. </span></span><br /><span class="richText"><span class="t2">Assert.IsNotNull failed. 
   at Capstone_Unit_Tests.web_members.MembersControllerTest.CreatingInvalidEmployeeReturnsToCreate() in C:\Users\danny\Source\Repos\CapstoneProject\code\tests\Capstone Unit Tests\web members\MembersControllerTest.cs:line 110


</span></span></div><div style="margin-left: 80px"><i class="i0"></i><span class="richText"><span>CreatingNewEmployeeIsValid</span></span> <span class="richText"><span class="t0">Failed: Assert.IsNotNull failed. </span></span><br /><span class="richText"><span class="t2">Assert.IsNotNull failed. 
   at Capstone_Unit_Tests.web_members.MembersControllerTest.CreatingNewEmployeeIsValid() in C:\Users\danny\Source\Repos\CapstoneProject\code\tests\Capstone Unit Tests\web members\MembersControllerTest.cs:line 95


</span></span></div><div style="margin-left: 80px"><i class="i0"></i><span class="richText"><span>Details_IsNotNull</span></span> <span class="richText"><span class="t0">Failed: Test method Capstone_Unit_Tests.web_members.MembersControllerTest.Details_IsNotNull threw exception: </span></span><br /><span class="richText"><span class="t2">Test method Capstone_Unit_Tests.web_members.MembersControllerTest.Details_IsNotNull threw exception: 
System.NullReferenceException: Object reference not set to an instance of an object.
    at Capstone_Web_Members.Controllers.MembersController.Details() in C:\Users\danny\Source\Repos\CapstoneProject\code\website\Capstone Web Members\Controllers\MembersController.cs:line 48
   at Capstone_Unit_Tests.web_members.MembersControllerTest.Details_IsNotNull() in C:\Users\danny\Source\Repos\CapstoneProject\code\tests\Capstone Unit Tests\web members\MembersControllerTest.cs:line 121


</span></span></div><div style="margin-left: 80px"><i class="i0"></i><span class="richText"><span>Edit_IsNotNull</span></span> <span class="richText"><span class="t0">Failed: Test method Capstone_Unit_Tests.web_members.MembersControllerTest.Edit_IsNotNull threw exception: </span></span><br /><span class="richText"><span class="t2">Test method Capstone_Unit_Tests.web_members.MembersControllerTest.Edit_IsNotNull threw exception: 
System.NullReferenceException: Object reference not set to an instance of an object.
    at Capstone_Web_Members.Controllers.MembersController.Edit(Nullable`1 id) in C:\Users\danny\Source\Repos\CapstoneProject\code\website\Capstone Web Members\Controllers\MembersController.cs:line 99
   at Capstone_Unit_Tests.web_members.MembersControllerTest.Edit_IsNotNull() in C:\Users\danny\Source\Repos\CapstoneProject\code\tests\Capstone Unit Tests\web members\MembersControllerTest.cs:line 135


</span></span></div><div style="margin-left: 80px"><i class="i0"></i><span class="richText"><span>Edit_IsValid</span></span> <span class="richText"><span class="t0">Failed: Test method Capstone_Unit_Tests.web_members.MembersControllerTest.Edit_IsValid threw exception: </span></span><br /><span class="richText"><span class="t2">Test method Capstone_Unit_Tests.web_members.MembersControllerTest.Edit_IsValid threw exception: 
System.NullReferenceException: Object reference not set to an instance of an object.
    at Capstone_Web_Members.Controllers.MembersController.Edit(Nullable`1 id) in C:\Users\danny\Source\Repos\CapstoneProject\code\website\Capstone Web Members\Controllers\MembersController.cs:line 99
   at Capstone_Unit_Tests.web_members.MembersControllerTest.Edit_IsValid() in C:\Users\danny\Source\Repos\CapstoneProject\code\tests\Capstone Unit Tests\web members\MembersControllerTest.cs:line 151


</span></span></div><div style="margin-left: 80px"><i class="i0"></i><span class="richText"><span>EditingMemberIncorrectlyReturnsToEdit</span></span> <span class="richText"><span class="t0">Failed: Test method Capstone_Unit_Tests.web_members.MembersControllerTest.EditingMemberIncorrectlyReturnsToEdit threw exception: </span></span><br /><span class="richText"><span class="t2">Test method Capstone_Unit_Tests.web_members.MembersControllerTest.EditingMemberIncorrectlyReturnsToEdit threw exception: 
System.NullReferenceException: Object reference not set to an instance of an object.
    at Capstone_Web_Members.Controllers.MembersController.Edit(Nullable`1 id) in C:\Users\danny\Source\Repos\CapstoneProject\code\website\Capstone Web Members\Controllers\MembersController.cs:line 99
   at Capstone_Unit_Tests.web_members.MembersControllerTest.EditingMemberIncorrectlyReturnsToEdit() in C:\Users\danny\Source\Repos\CapstoneProject\code\tests\Capstone Unit Tests\web members\MembersControllerTest.cs:line 167


</span></span></div><div style="margin-left: 80px"><i class="i0"></i><span class="richText"><span>InvalidLoginRedirectsToLogin</span></span> <span class="richText"><span class="t0">Failed: Test method Capstone_Unit_Tests.web_members.MembersControllerTest.InvalidLoginRedirectsToLogin threw exception: </span></span><br /><span class="richText"><span class="t2">Test method Capstone_Unit_Tests.web_members.MembersControllerTest.InvalidLoginRedirectsToLogin threw exception: 
System.ArgumentNullException: Value cannot be null.
Parameter name: source
    at System.Linq.Enumerable.ToList[TSource](IEnumerable`1 source)
   at Capstone_Web_Members.Controllers.MembersController.Login(Member member) in C:\Users\danny\Source\Repos\CapstoneProject\code\website\Capstone Web Members\Controllers\MembersController.cs:line 165
   at Capstone_Unit_Tests.web_members.MembersControllerTest.InvalidLoginRedirectsToLogin() in C:\Users\danny\Source\Repos\CapstoneProject\code\tests\Capstone Unit Tests\web members\MembersControllerTest.cs:line 210


</span></span></div><div style="margin-left: 80px"><i class="i0"></i><span class="richText"><span>LoggingOffClearsSession</span></span> <span class="richText"><span class="t0">Failed: Test method Capstone_Unit_Tests.web_members.MembersControllerTest.LoggingOffClearsSession threw exception: </span></span><br /><span class="richText"><span class="t2">Test method Capstone_Unit_Tests.web_members.MembersControllerTest.LoggingOffClearsSession threw exception: 
System.NullReferenceException: Object reference not set to an instance of an object.
    at Capstone_Web_Members.Controllers.MembersController.LogOff() in C:\Users\danny\Source\Repos\CapstoneProject\code\website\Capstone Web Members\Controllers\MembersController.cs:line 182
   at Capstone_Unit_Tests.web_members.MembersControllerTest.LoggingOffClearsSession() in C:\Users\danny\Source\Repos\CapstoneProject\code\tests\Capstone Unit Tests\web members\MembersControllerTest.cs:line 224


</span></span></div><div style="margin-left: 80px"><i class="i0"></i><span class="richText"><span>Login_IsNotNull</span></span> <span class="richText"><span class="t0">Failed: Test method Capstone_Unit_Tests.web_members.MembersControllerTest.Login_IsNotNull threw exception: </span></span><br /><span class="richText"><span class="t2">Test method Capstone_Unit_Tests.web_members.MembersControllerTest.Login_IsNotNull threw exception: 
System.NullReferenceException: Object reference not set to an instance of an object.
    at Capstone_Web_Members.Controllers.MembersController.Login(Member member) in C:\Users\danny\Source\Repos\CapstoneProject\code\website\Capstone Web Members\Controllers\MembersController.cs:line 165
   at Capstone_Unit_Tests.web_members.MembersControllerTest.Login_IsNotNull() in C:\Users\danny\Source\Repos\CapstoneProject\code\tests\Capstone Unit Tests\web members\MembersControllerTest.cs:line 180


</span></span></div><div style="margin-left: 80px"><i class="i0"></i><span class="richText"><span>ValidLoginRedirectsToHomeIndex</span></span> <span class="richText"><span class="t0">Failed: Test method Capstone_Unit_Tests.web_members.MembersControllerTest.ValidLoginRedirectsToHomeIndex threw exception: </span></span><br /><span class="richText"><span class="t2">Test method Capstone_Unit_Tests.web_members.MembersControllerTest.ValidLoginRedirectsToHomeIndex threw exception: 
System.ArgumentNullException: Value cannot be null.
Parameter name: source
    at System.Linq.Enumerable.ToList[TSource](IEnumerable`1 source)
   at Capstone_Web_Members.Controllers.MembersController.Login(Member member) in C:\Users\danny\Source\Repos\CapstoneProject\code\website\Capstone Web Members\Controllers\MembersController.cs:line 165
   at Capstone_Unit_Tests.web_members.MembersControllerTest.ValidLoginRedirectsToHomeIndex() in C:\Users\danny\Source\Repos\CapstoneProject\code\tests\Capstone Unit Tests\web members\MembersControllerTest.cs:line 195


</span></span></div><div style="margin-left: 0px"><i class="i0"></i><span class="richText"><span>Capstone Web Warehouse.Tests</span></span> <span class="richText"><span>(14 tests)</span></span> <span class="richText"><span class="t0">Failed: 12 tests failed</span></span></div><div style="margin-left: 20px"><i class="i0"></i><span class="richText"><span>Capstone_Web_Warehouse</span></span> <span class="richText"><span>(14 tests)</span></span> <span class="richText"><span class="t0">Failed: 12 tests failed</span></span></div><div style="margin-left: 40px"><i class="i0"></i><span class="richText"><span>Controllers.Tests</span></span> <span class="richText"><span>(13 tests)</span></span> <span class="richText"><span class="t0">Failed: 12 tests failed</span></span></div><div style="margin-left: 60px"><i class="i0"></i><span class="richText"><span>EmployeesControllerTests</span></span> <span class="richText"><span>(10 tests)</span></span> <span class="richText"><span class="t0">Failed: 9 tests failed</span></span></div><div style="margin-left: 80px"><i class="i0"></i><span class="richText"><span>CreateTest</span></span> <span class="richText"><span class="t0">Failed: Assert.Fail failed. </span></span><br /><span class="richText"><span class="t2">Assert.Fail failed. 
   at Capstone_Web_Warehouse.Controllers.Tests.EmployeesControllerTests.CreateTest() in C:\Users\danny\Source\Repos\CapstoneProject\code\website\Capstone Web Warehouse\Capstone Web Warehouse.Tests\Controllers\EmployeesControllerTests.cs:line 98


</span></span></div><div style="margin-left: 80px"><i class="i0"></i><span class="richText"><span>CreateTest1</span></span> <span class="richText"><span class="t0">Failed: Assert.Fail failed. </span></span><br /><span class="richText"><span class="t2">Assert.Fail failed. 
   at Capstone_Web_Warehouse.Controllers.Tests.EmployeesControllerTests.CreateTest1() in C:\Users\danny\Source\Repos\CapstoneProject\code\website\Capstone Web Warehouse\Capstone Web Warehouse.Tests\Controllers\EmployeesControllerTests.cs:line 104


</span></span></div><div style="margin-left: 80px"><i class="i0"></i><span class="richText"><span>DeleteConfirmedTest</span></span> <span class="richText"><span class="t0">Failed: Assert.Fail failed. </span></span><br /><span class="richText"><span class="t2">Assert.Fail failed. 
   at Capstone_Web_Warehouse.Controllers.Tests.EmployeesControllerTests.DeleteConfirmedTest() in C:\Users\danny\Source\Repos\CapstoneProject\code\website\Capstone Web Warehouse\Capstone Web Warehouse.Tests\Controllers\EmployeesControllerTests.cs:line 128


</span></span></div><div style="margin-left: 80px"><i class="i0"></i><span class="richText"><span>DeleteTest</span></span> <span class="richText"><span class="t0">Failed: Assert.Fail failed. </span></span><br /><span class="richText"><span class="t2">Assert.Fail failed. 
   at Capstone_Web_Warehouse.Controllers.Tests.EmployeesControllerTests.DeleteTest() in C:\Users\danny\Source\Repos\CapstoneProject\code\website\Capstone Web Warehouse\Capstone Web Warehouse.Tests\Controllers\EmployeesControllerTests.cs:line 122


</span></span></div><div style="margin-left: 80px"><i class="i0"></i><span class="richText"><span>DetailsTest</span></span> <span class="richText"><span class="t0">Failed: Assert.Fail failed. </span></span><br /><span class="richText"><span class="t2">Assert.Fail failed. 
   at Capstone_Web_Warehouse.Controllers.Tests.EmployeesControllerTests.DetailsTest() in C:\Users\danny\Source\Repos\CapstoneProject\code\website\Capstone Web Warehouse\Capstone Web Warehouse.Tests\Controllers\EmployeesControllerTests.cs:line 92


</span></span></div><div style="margin-left: 80px"><i class="i0"></i><span class="richText"><span>EditClickTest</span></span> <span class="richText"><span class="t0">Failed: Test method Capstone_Web_Warehouse.Controllers.Tests.EmployeesControllerTests.EditClickTest threw exception: </span></span><br /><span class="richText"><span class="t2">Test method Capstone_Web_Warehouse.Controllers.Tests.EmployeesControllerTests.EditClickTest threw exception: 
System.Data.Entity.Core.MetadataException: Schema specified is not valid. Errors: 
Model.CapstoneDBModel.ssdl(2,2) : error 0152: No Entity Framework provider found for the ADO.NET provider with invariant name 'MySql.Data.MySqlClient'. Make sure the provider is registered in the 'entityFramework' section of the application config file. See http://go.microsoft.com/fwlink/?LinkId=260882 for more information.
    at System.Data.Entity.Core.Metadata.Edm.StoreItemCollection.Loader.ThrowOnNonWarningErrors()
   at System.Data.Entity.Core.Metadata.Edm.StoreItemCollection.Loader.LoadItems(IEnumerable`1 xmlReaders, IEnumerable`1 sourceFilePaths)
   at System.Data.Entity.Core.Metadata.Edm.StoreItemCollection.Loader..ctor(IEnumerable`1 xmlReaders, IEnumerable`1 sourceFilePaths, Boolean throwOnError, IDbDependencyResolver resolver)
   at System.Data.Entity.Core.Metadata.Edm.StoreItemCollection.Init(IEnumerable`1 xmlReaders, IEnumerable`1 filePaths, Boolean throwOnError, IDbDependencyResolver resolver, DbProviderManifest&amp; providerManifest, DbProviderFactory&amp; providerFactory, String&amp; providerInvariantName, String&amp; providerManifestToken, Memoizer`2&amp; cachedCTypeFunction)
   at System.Data.Entity.Core.Metadata.Edm.StoreItemCollection..ctor(IEnumerable`1 xmlReaders, IEnumerable`1 filePaths)
   at System.Data.Entity.Core.Metadata.Edm.MetadataCache.LoadStoreCollection(EdmItemCollection edmItemCollection, MetadataArtifactLoader loader)
   at System.Data.Entity.Core.Metadata.Edm.MetadataCache.&lt;&gt;c__DisplayClass5.&lt;&gt;c__DisplayClass7.&lt;GetMetadataWorkspace&gt;b__1()
   at System.Lazy`1.CreateValue()
   at System.Lazy`1.LazyInitValue()
   at System.Lazy`1.get_Value()
   at System.Data.Entity.Core.Metadata.Edm.MetadataCache.&lt;&gt;c__DisplayClass5.&lt;&gt;c__DisplayClass7.&lt;GetMetadataWorkspace&gt;b__4()
   at System.Data.Entity.Core.Metadata.Edm.MetadataWorkspace.LoadAndCheckItemCollection[T](Func`1 itemCollectionLoader)
   at System.Data.Entity.Core.Metadata.Edm.MetadataWorkspace.&lt;&gt;c__DisplayClass16.&lt;.ctor&gt;b__f()
   at System.Lazy`1.CreateValue()
   at System.Lazy`1.LazyInitValue()
   at System.Lazy`1.get_Value()
   at System.Data.Entity.Core.Metadata.Edm.MetadataWorkspace.GetItemCollection(DataSpace dataSpace, Boolean required)
   at System.Data.Entity.Core.Metadata.Edm.MetadataWorkspace.GetItemCollection(DataSpace dataSpace)
   at System.Data.Entity.Core.Objects.ObjectContext.InitializeMappingViewCacheFactory(DbContext owner)
   at System.Data.Entity.Core.Objects.ObjectContext..ctor(EntityConnection connection, Boolean isConnectionConstructor, ObjectQueryExecutionPlanFactory objectQueryExecutionPlanFactory, Translator translator, ColumnMapFactory columnMapFactory)
   at System.Data.Entity.Internal.InternalConnection.CreateObjectContextFromConnectionModel()
   at System.Data.Entity.Internal.LazyInternalConnection.CreateObjectContextFromConnectionModel()
   at System.Data.Entity.Internal.LazyInternalContext.InitializeContext()
   at System.Data.Entity.Internal.InternalContext.Initialize()
   at System.Data.Entity.Internal.LazyInternalContext.get_ObjectContext()
   at System.Data.Entity.Internal.InternalContext.DetectChanges(Boolean force)
   at System.Data.Entity.Internal.InternalContext.GetStateEntry(Object entity)
   at System.Data.Entity.Internal.InternalEntityEntry..ctor(InternalContext internalContext, Object entity)
   at System.Data.Entity.DbContext.Entry[TEntity](TEntity entity)
   at Capstone_Web_Warehouse.Controllers.EmployeesController.Edit(Employee employee) in C:\Users\danny\Source\Repos\CapstoneProject\code\website\Capstone Web Warehouse\Capstone Web Warehouse\Controllers\EmployeesController.cs:line 124
   at Capstone_Web_Warehouse.Controllers.Tests.EmployeesControllerTests.EditClickTest() in C:\Users\danny\Source\Repos\CapstoneProject\code\website\Capstone Web Warehouse\Capstone Web Warehouse.Tests\Controllers\EmployeesControllerTests.cs:line 59


</span></span></div><div style="margin-left: 80px"><i class="i0"></i><span class="richText"><span>EditTest1</span></span> <span class="richText"><span class="t0">Failed: Assert.Fail failed. </span></span><br /><span class="richText"><span class="t2">Assert.Fail failed. 
   at Capstone_Web_Warehouse.Controllers.Tests.EmployeesControllerTests.EditTest1() in C:\Users\danny\Source\Repos\CapstoneProject\code\website\Capstone Web Warehouse\Capstone Web Warehouse.Tests\Controllers\EmployeesControllerTests.cs:line 110


</span></span></div><div style="margin-left: 80px"><i class="i0"></i><span class="richText"><span>EditTest2</span></span> <span class="richText"><span class="t0">Failed: Assert.Fail failed. </span></span><br /><span class="richText"><span class="t2">Assert.Fail failed. 
   at Capstone_Web_Warehouse.Controllers.Tests.EmployeesControllerTests.EditTest2() in C:\Users\danny\Source\Repos\CapstoneProject\code\website\Capstone Web Warehouse\Capstone Web Warehouse.Tests\Controllers\EmployeesControllerTests.cs:line 116


</span></span></div><div style="margin-left: 80px"><i class="i1"></i><span class="richText"><span>EditViewTest</span></span> <span class="richText"><span class="t1">Success</span></span></div><div style="margin-left: 80px"><i class="i0"></i><span class="richText"><span>IndexTest</span></span> <span class="richText"><span class="t0">Failed: Test method Capstone_Web_Warehouse.Controllers.Tests.EmployeesControllerTests.IndexTest threw exception: </span></span><br /><span class="richText"><span class="t2">Test method Capstone_Web_Warehouse.Controllers.Tests.EmployeesControllerTests.IndexTest threw exception: 
System.NullReferenceException: Object reference not set to an instance of an object.
    at Capstone_Web_Warehouse.Controllers.EmployeesController.Index() in C:\Users\danny\Source\Repos\CapstoneProject\code\website\Capstone Web Warehouse\Capstone Web Warehouse\Controllers\EmployeesController.cs:line 32
   at Capstone_Web_Warehouse.Controllers.Tests.EmployeesControllerTests.IndexTest() in C:\Users\danny\Source\Repos\CapstoneProject\code\website\Capstone Web Warehouse\Capstone Web Warehouse.Tests\Controllers\EmployeesControllerTests.cs:line 81


</span></span></div><div style="margin-left: 60px"><i class="i0"></i><span class="richText"><span>RentalsControllerTests</span></span> <span class="richText"><span>(3 tests)</span></span> <span class="richText"><span class="t0">Failed: 3 tests failed</span></span></div><div style="margin-left: 80px"><i class="i0"></i><span class="richText"><span>EditTest</span></span> <span class="richText"><span class="t0">Failed: Test method Capstone_Web_Warehouse.Controllers.Tests.RentalsControllerTests.EditTest threw exception: </span></span><br /><span class="richText"><span class="t2">Test method Capstone_Web_Warehouse.Controllers.Tests.RentalsControllerTests.EditTest threw exception: 
System.NotImplementedException: The method or operation is not implemented.
    at Capstone_Web_Warehouse.Controllers.Tests.RentalsControllerTests.EditTest() in C:\Users\danny\Source\Repos\CapstoneProject\code\website\Capstone Web Warehouse\Capstone Web Warehouse.Tests\Controllers\RentalsControllerTests.cs:line 23


</span></span></div><div style="margin-left: 80px"><i class="i0"></i><span class="richText"><span>EditTest1</span></span> <span class="richText"><span class="t0">Failed: Test method Capstone_Web_Warehouse.Controllers.Tests.RentalsControllerTests.EditTest1 threw exception: </span></span><br /><span class="richText"><span class="t2">Test method Capstone_Web_Warehouse.Controllers.Tests.RentalsControllerTests.EditTest1 threw exception: 
System.NotImplementedException: The method or operation is not implemented.
    at Capstone_Web_Warehouse.Controllers.Tests.RentalsControllerTests.EditTest1() in C:\Users\danny\Source\Repos\CapstoneProject\code\website\Capstone Web Warehouse\Capstone Web Warehouse.Tests\Controllers\RentalsControllerTests.cs:line 29


</span></span></div><div style="margin-left: 80px"><i class="i0"></i><span class="richText"><span>IndexTest</span></span> <span class="richText"><span class="t0">Failed: Test method Capstone_Web_Warehouse.Controllers.Tests.RentalsControllerTests.IndexTest threw exception: </span></span><br /><span class="richText"><span class="t2">Test method Capstone_Web_Warehouse.Controllers.Tests.RentalsControllerTests.IndexTest threw exception: 
System.NotImplementedException: The method or operation is not implemented.
    at Capstone_Web_Warehouse.Controllers.Tests.RentalsControllerTests.IndexTest() in C:\Users\danny\Source\Repos\CapstoneProject\code\website\Capstone Web Warehouse\Capstone Web Warehouse.Tests\Controllers\RentalsControllerTests.cs:line 17


</span></span></div><div style="margin-left: 40px"><i class="i1"></i><span class="richText"><span>Tests.Controllers</span></span> <span class="richText"><span>(1 test)</span></span> <span class="richText"><span class="t1">Success</span></span></div><div style="margin-left: 60px"><i class="i1"></i><span class="richText"><span>HomeControllerTest</span></span> <span class="richText"><span>(1 test)</span></span> <span class="richText"><span class="t1">Success</span></span></div><div style="margin-left: 80px"><i class="i1"></i><span class="richText"><span>Index</span></span> <span class="richText"><span class="t1">Success</span></span></div></div></html>